
ROM used:   3754/32768 (11%)
            3754/32768 (11%) including unused fragments

            0.7 Average locations per line
            5.1 Average locations per statement

RAM used:   52/2048 (3%) at main() level
            82/2048 (4%) worst case

Stack used: 1 worst case (0 in main + 1 for interrupts)
Stack size: 31

Lines Stmts  %   Files
----- ----- ---  -----
   66    27   4  prueba_RMS.c
  839     0   0  ..\..\..\..\Program Files (x86)\PICC\devices\18F4550.h
   37     0   0  ..\..\..\..\Program Files (x86)\PICC\drivers\stdio.h
  435     0   0  ..\..\..\..\Program Files (x86)\PICC\drivers\string.h
   32     0   0  ..\..\..\..\Program Files (x86)\PICC\drivers\stddef.h
   28     0   0  ..\..\..\..\Program Files (x86)\PICC\drivers\ctype.h
 1351   359  49  ..\..\..\..\Program Files (x86)\PICC\drivers\stdlib.h
  211    72  10  i2c_Flex_LCD.h
   42    15   2  MAX191.h
 2227   257  35  ..\..\..\..\Program Files (x86)\PICC\drivers\math.h
----- -----
 5268   730 Total

Page ROM  %  RAM    Vol Diff  Functions:
---- --- --- ---    --- ----  ----------
0     40   1    1             @delay_ms1
0    108   1    1             @I2C_WRITE_1
0    242   3   11             @MULFF
0     56   1    2             @ITOF
0    618   8   16             @ADDFF
0    346   5   14             @DIVFF
0    122   2    1    156  1.3  i2c_send_nibble
0     34   0    2    178  3.6  lcd_send_byte
0     18   0    0     48  1.1  lcd_clear
0     92   1    0    362  1.4  lcd_init
0     86   1    2    521  6.8  lcd_gotoxy
0    110   1    2    620  5.8  LCD_PUTC
0    104   1    6    488  5.7  leer_ADC
0    118   2   10             @FLT
0    268   4   18    510 10.6  sqrt
0     18   0    0     33  1.3  interrtimer_0
0    518   7    4    768  7.5  MAIN
0     14   0    0             @const1090
0     34   0    2             @PSTRINGC_941
0     12   0    0             @const1095
0     64   1    5             @FTOSD
0    142   2   13             @DIV3232
0    386   5   13             @PRINTF_L32D_941FPFPF
0     34   0    3             @PSTRINGCN_941
 Inline         0             @cinit1

Program metrics:
    Functions               10
    Statements              730
    Comments                1068
    Volume (V)              5730
    Difficulty (D)          42.7
    Effort to implement (E) 244657
    Time to implement (T)   3 hours, 47 minutes
    Est Delivered Bugs (B)  1
    Cyclomatic Complexity   18
    Maintainability (MI)    53

 Segment     Used  Free
-----------  ----  ----
00000-00002     4  0  
00004-00006     0  4  
00008-000AC   166  0  
000AE-07FFE  3584  29010  



